27.11.2023 1:47:5 Запуск программы
27.11.2023 1:47:17 Пользователь вошел под ником 123
27.11.2023 1:47:42 Запуск программы
27.11.2023 1:47:44 Пользователь вошел под ником 123
27.11.2023 1:47:48 Админ сохранил изменения
27.11.2023 1:48:44 Запуск программы
27.11.2023 1:48:48 Запуск программы
27.11.2023 1:48:54 Запуск программы
27.11.2023 1:48:56 Пользователь вошел под ником 123
27.11.2023 1:48:59 Админ сохранил изменения
27.11.2023 1:49:11 Пользователь вошел под ником 123
27.11.2023 1:50:44 Запуск программы
27.11.2023 1:50:46 Пользователь вошел под ником 123
27.11.2023 1:51:9 Запуск программы
27.11.2023 1:51:11 Пользователь вошел под ником 123
27.11.2023 1:53:27 Запуск программы
27.11.2023 1:53:29 Пользователь вошел под ником 123
27.11.2023 1:54:26 Запуск программы
27.11.2023 1:54:41 Запуск программы
27.11.2023 1:54:47 Запуск программы
27.11.2023 1:54:49 Пользователь вошел под ником 123
27.11.2023 1:54:54 Админ сохранил изменения
27.11.2023 1:56:32 Запуск программы
27.11.2023 1:56:36 Запуск программы
27.11.2023 1:56:38 Запуск программы
27.11.2023 1:56:46 Запуск программы
27.11.2023 1:56:49 Пользователь вошел под ником 123
27.11.2023 1:57:35 Админ добавил пользователя под ником 123
27.11.2023 1:57:37 Запуск программы
27.11.2023 1:57:45 Запуск программы
27.11.2023 1:57:47 Пользователь вошел под ником 123
27.11.2023 1:58:45 Запуск программы
27.11.2023 1:58:47 Пользователь вошел под ником 123
27.11.2023 1:58:50 Админ сохранил изменения
27.11.2023 1:58:57 Запуск программы
27.11.2023 1:59:4 Запуск программы
27.11.2023 1:59:7 Пользователь вошел под ником 123
27.11.2023 1:59:15 Запуск программы
27.11.2023 1:59:16 Запуск программы
27.11.2023 1:59:17 Пользователь вошел под ником 123
27.11.2023 1:59:56 Админ сохранил изменения
27.11.2023 2:1:4 Запуск программы
27.11.2023 2:1:9 Запуск программы
27.11.2023 2:1:11 Пользователь вошел под ником 123
27.11.2023 2:1:15 Админ сохранил изменения
27.11.2023 2:2:9 Запуск программы
27.11.2023 2:2:16 Запуск программы
27.11.2023 2:2:19 Пользователь вошел под ником 123
27.11.2023 2:2:21 Админ сохранил изменения
27.11.2023 2:6:56 Запуск программы
27.11.2023 2:6:57 Пользователь вошел под ником 123
27.11.2023 2:7:59 Запуск программы
27.11.2023 2:8:2 Пользователь вошел под ником 123
27.11.2023 2:8:23 Запуск программы
27.11.2023 2:8:24 Пользователь вошел под ником 123
27.11.2023 2:8:52 Запуск программы
27.11.2023 2:8:54 Пользователь вошел под ником 123
27.11.2023 2:9:22 Пользователь вошел под ником 123
27.11.2023 2:13:31 Запуск программы
27.11.2023 2:13:33 Пользователь вошел под ником 123
27.11.2023 2:16:50 Запуск программы
27.11.2023 2:17:0 Запуск программы
27.11.2023 2:17:4 Пользователь вошел под ником 123
27.11.2023 2:17:10 Запуск программы
27.11.2023 2:17:12 Пользователь вошел под ником 123
27.11.2023 2:17:16 Админ сохранил изменения
27.11.2023 2:17:18 Админ сохранил изменения
27.11.2023 2:17:30 Админ добавил пользователя под ником d
27.11.2023 2:17:32 Админ сохранил изменения
27.11.2023 2:17:37 Пользователь вошел под ником 123
27.11.2023 2:17:45 Админ добавил пользователя под ником d
27.11.2023 2:17:46 Админ сохранил изменения
27.11.2023 2:17:57 Админ добавил пользователя под ником gfdgdfg
27.11.2023 2:18:0 Админ сохранил изменения
27.11.2023 2:19:4 Запуск программы
27.11.2023 2:19:6 Пользователь вошел под ником 123
27.11.2023 2:19:29 Запуск программы
27.11.2023 2:19:31 Пользователь вошел под ником 123
27.11.2023 2:19:40 Запуск программы
27.11.2023 2:19:42 Пользователь вошел под ником 123
27.11.2023 2:20:13 Запуск программы
27.11.2023 2:20:15 Пользователь вошел под ником 123
27.11.2023 2:20:34 Запуск программы
27.11.2023 2:20:36 Пользователь вошел под ником 123
27.11.2023 2:20:46 Запуск программы
27.11.2023 2:20:47 Пользователь вошел под ником 123
27.11.2023 2:20:54 Запуск программы
27.11.2023 2:20:57 Пользователь вошел под ником 123
27.11.2023 2:21:8 Запуск программы
27.11.2023 2:21:10 Пользователь вошел под ником 123
27.11.2023 2:21:20 Запуск программы
27.11.2023 2:21:22 Пользователь вошел под ником 123
27.11.2023 2:22:53 Админ добавил пользователя под ником привет
27.11.2023 2:23:9 Админ добавил пользователя под ником 1
27.11.2023 2:23:27 Админ удалил пользователя под ником привет
27.11.2023 2:23:30 Админ сохранил изменения
27.11.2023 2:24:44 Запуск программы
27.11.2023 2:24:45 Пользователь вошел под ником 123
27.11.2023 2:25:18 Пользователь вошел под ником 123
27.11.2023 2:25:26 Пользователь вошел под ником 1
27.11.2023 9:47:39 Запуск программы
27.11.2023 9:47:41 Пользователь вошел под ником 123
27.11.2023 9:47:50 Админ сохранил изменения
27.11.2023 9:50:3 Запуск программы
27.11.2023 9:50:5 Пользователь вошел под ником 123
27.11.2023 9:51:8 Запуск программы
27.11.2023 9:51:12 Пользователь вошел под ником 123
27.11.2023 9:52:20 Запуск программы
27.11.2023 9:52:21 Пользователь вошел под ником 123
27.11.2023 9:52:54 Запуск программы
27.11.2023 9:52:56 Пользователь вошел под ником 123
27.11.2023 11:34:43 Запуск программы
27.11.2023 11:34:46 Пользователь вошел под ником 123
27.11.2023 12:56:20 Запуск программы
27.11.2023 12:56:22 Пользователь вошел под ником 123
27.11.2023 12:56:26 Админ добавил пользователя под ником 2
27.11.2023 12:56:29 Админ сохранил изменения
27.11.2023 12:56:44 Админ добавил пользователя под ником аровыраовыр
27.11.2023 12:56:48 Админ сохранил изменения
27.11.2023 12:57:4 Запуск программы
27.11.2023 12:57:6 Пользователь вошел под ником 123
27.11.2023 13:54:29 Запуск программы
27.11.2023 13:54:31 Пользователь вошел под ником 123
27.11.2023 13:54:44 Запуск программы
27.11.2023 13:54:47 Пользователь вошел под ником 123
27.11.2023 13:55:1 Админ добавил пользователя под ником slavej
27.11.2023 13:55:4 Админ сохранил изменения
27.11.2023 13:57:13 Запуск программы
27.11.2023 13:57:23 Пользователь вошел под ником lll
27.11.2023 13:57:54 Пользователь вошел под ником lll
27.11.2023 13:57:59 Админ сохранил изменения
27.11.2023 13:58:9 Запуск программы
27.11.2023 14:12:3 Пользователь вошел под ником 123
27.11.2023 14:12:8 Запуск программы
27.11.2023 14:12:10 Пользователь вошел под ником 123
27.11.2023 14:12:17 Админ добавил пользователя под ником slave
27.11.2023 14:12:20 Админ сохранил изменения
27.11.2023 14:16:8 Запуск программы
27.11.2023 14:16:16 Пользователь вошел под ником 123
27.11.2023 14:16:24 Админ добавил пользователя под ником slave
27.11.2023 14:16:29 Админ сохранил изменения
27.11.2023 14:16:40 Пользователь вошел под ником slave
27.11.2023 16:28:52 Запуск программы
27.11.2023 16:28:54 Пользователь вошел под ником 123
27.11.2023 16:29:0 Админ добавил пользователя под ником pidar
27.11.2023 16:29:2 Админ сохранил изменения
27.11.2023 16:29:11 Пользователь вошел под ником pidar
27.11.2023 17:27:30 Запуск программы
27.11.2023 17:27:33 Пользователь вошел под ником pidar
27.11.2023 17:27:45 Пользователь вошел под ником 123
27.11.2023 18:59:24 Запуск программы
27.11.2023 18:59:25 Пользователь вошел под ником 123
27.11.2023 18:59:50 Админ добавил пользователя под ником wow
27.11.2023 18:59:53 Админ сохранил изменения
27.11.2023 18:59:55 Админ удалил пользователя под ником wow
27.11.2023 18:59:56 Админ сохранил изменения
27.11.2023 19:1:2 Запуск программы
27.11.2023 19:1:4 Пользователь вошел под ником 123
27.11.2023 19:2:42 Запуск программы
